2026-03-24 17:41:45,222 - MLWorm - INFO - Logger initialized
2026-03-24 17:41:45,259 - MLWorm - INFO - ============================================================
2026-03-24 17:41:45,260 - MLWorm - INFO - ML NETWORK WORM INITIALIZED
2026-03-24 17:41:45,260 - MLWorm - INFO - ============================================================
2026-03-24 17:41:45,260 - MLWorm - INFO - Local IP: 192.168.1.136
2026-03-24 17:41:45,260 - MLWorm - INFO - Target Ranges: ['192.168.0.0/24']
2026-03-24 17:41:45,260 - MLWorm - INFO - Stealth Mode: False
2026-03-24 17:41:45,260 - MLWorm - INFO - ML Enabled: True
2026-03-24 17:41:45,260 - MLWorm - INFO - ============================================================
2026-03-24 17:41:45,260 - MLWorm - INFO - Loading exploit modules...
2026-03-24 17:41:45,320 - MLWorm - INFO - SUCCESS: Loaded 25 exploit modules
2026-03-24 17:41:45,321 - MLWorm - INFO - Exploit Manager initialized
2026-03-24 17:41:45,321 - MLWorm - INFO - IDS Detector initialized
2026-03-24 17:41:45,321 - MLWorm - INFO - Stealth Engine initialized
2026-03-24 17:41:45,321 - MLWorm - WARNING - Invalid kill switch code
2026-03-24 17:41:45,321 - MLWorm - INFO - Starting network reconnaissance
2026-03-24 17:41:45,322 - MLWorm - INFO - Starting network scan on 1 ranges
2026-03-24 17:41:45,322 - MLWorm - INFO - Scanning 192.168.0.0/24 (256 addresses)
2026-03-24 17:42:00,339 - MLWorm - INFO - SUCCESS: Discovered 0 hosts
2026-03-24 17:42:00,339 - MLWorm - INFO - SUCCESS: Discovered 0 hosts
2026-03-24 17:42:00,339 - MLWorm - INFO - Selecting next target with ML
