2026-03-24 17:47:26,609 - MLWorm - INFO - Logger initialized
2026-03-24 17:47:26,646 - MLWorm - INFO - ============================================================
2026-03-24 17:47:26,646 - MLWorm - INFO - ML NETWORK WORM INITIALIZED
2026-03-24 17:47:26,646 - MLWorm - INFO - ============================================================
2026-03-24 17:47:26,646 - MLWorm - INFO - Local IP: 192.168.1.136
2026-03-24 17:47:26,646 - MLWorm - INFO - Target Ranges: ['127.0.0.1/32']
2026-03-24 17:47:26,646 - MLWorm - INFO - Stealth Mode: False
2026-03-24 17:47:26,646 - MLWorm - INFO - ML Enabled: False
2026-03-24 17:47:26,646 - MLWorm - INFO - ============================================================
2026-03-24 17:47:26,647 - MLWorm - INFO - Loading exploit modules...
2026-03-24 17:47:26,706 - MLWorm - INFO - SUCCESS: Loaded 25 exploit modules
2026-03-24 17:47:26,706 - MLWorm - INFO - Exploit Manager initialized
2026-03-24 17:47:26,707 - MLWorm - INFO - IDS Detector initialized
2026-03-24 17:47:26,707 - MLWorm - INFO - Stealth Engine initialized
2026-03-24 17:47:26,707 - MLWorm - INFO - SCAN-ONLY MODE
2026-03-24 17:47:26,707 - MLWorm - INFO - Starting network reconnaissance
2026-03-24 17:47:26,707 - MLWorm - INFO - Starting network scan on 1 ranges
2026-03-24 17:47:26,707 - MLWorm - INFO - Scanning 127.0.0.1/32 (1 addresses)
2026-03-24 17:47:27,310 - MLWorm - INFO - SUCCESS: Discovered 1 hosts
2026-03-24 17:47:27,310 - MLWorm - INFO - SUCCESS: Discovered 1 hosts
