2026-03-24 17:37:23,440 - MLWorm - INFO - Logger initialized
2026-03-24 17:37:23,518 - MLWorm - INFO - ============================================================
2026-03-24 17:37:23,519 - MLWorm - INFO - ML NETWORK WORM INITIALIZED
2026-03-24 17:37:23,519 - MLWorm - INFO - ============================================================
2026-03-24 17:37:23,519 - MLWorm - INFO - Local IP: 192.168.1.136
2026-03-24 17:37:23,519 - MLWorm - INFO - Target Ranges: ['192.168.1.0/24']
2026-03-24 17:37:23,519 - MLWorm - INFO - Stealth Mode: True
2026-03-24 17:37:23,519 - MLWorm - INFO - ML Enabled: True
2026-03-24 17:37:23,519 - MLWorm - INFO - ============================================================
2026-03-24 17:37:23,520 - MLWorm - INFO - Loading exploit modules...
2026-03-24 17:37:23,601 - MLWorm - INFO - SUCCESS: Loaded 25 exploit modules
2026-03-24 17:37:23,601 - MLWorm - INFO - Exploit Manager initialized
2026-03-24 17:37:23,605 - MLWorm - INFO - IDS Detector initialized
2026-03-24 17:37:23,605 - MLWorm - INFO - Stealth Engine initialized
2026-03-24 17:37:23,606 - MLWorm - INFO - SCAN-ONLY MODE
2026-03-24 17:37:23,606 - MLWorm - INFO - Starting network reconnaissance
2026-03-24 17:37:23,606 - MLWorm - INFO - Starting network scan on 1 ranges
2026-03-24 17:37:23,606 - MLWorm - INFO - Scanning 192.168.1.0/24 (256 addresses)
2026-03-24 17:37:50,721 - MLWorm - INFO - SUCCESS: Discovered 1 hosts
2026-03-24 17:37:50,722 - MLWorm - INFO - SUCCESS: Discovered 1 hosts
